<?xml version="1.0" encoding="UTF-8"?>
<!-- Generated by org.testng.reporters.JUnitReportReporter -->
<testsuite hostname="DESKTOP-B6TJ4KV" failures="0" tests="1" name="TNG_Tests.ControlGroup_Test" time="0.252" errors="0" timestamp="2020-06-24T13:16:09 EDT" skipped="0">
  <testcase classname="TNG_Tests.ControlGroup_Test" name="clickControlGroup" time="0.252"/>
  <system-out/>
</testsuite> <!-- TNG_Tests.ControlGroup_Test -->
