<?xml version="1.0" encoding="UTF-8"?>
<!-- Generated by org.testng.reporters.JUnitReportReporter -->
<testsuite hostname="DESKTOP-B6TJ4KV" failures="0" tests="1" name="TNG_Tests.DatePicker_Test" time="5.519" errors="0" timestamp="2020-06-24T13:16:09 EDT" skipped="0">
  <testcase classname="TNG_Tests.DatePicker_Test" name="selectDateTest" time="5.519"/>
  <system-out/>
</testsuite> <!-- TNG_Tests.DatePicker_Test -->
